#
# A fatal error has been detected by the Java Runtime Environment:
#
#  EXCEPTION_ACCESS_VIOLATION (0xc0000005) at pc=0x0000000059c572f5, pid=4212, tid=5512
#
# JRE version: Java(TM) SE Runtime Environment (8.0_05-b13) (build 1.8.0_05-b13)
# Java VM: Java HotSpot(TM) 64-Bit Server VM (25.5-b02 mixed mode windows-amd64 compressed oops)
# Problematic frame:
# V  [jvm.dll+0x1172f5]
#
# Failed to write core dump. Minidumps are not enabled by default on client versions of Windows
#
# If you would like to submit a bug report, please visit:
#   http://bugreport.sun.com/bugreport/crash.jsp
#

---------------  T H R E A D  ---------------

Current thread (0x000000001506e000):  JavaThread "JDWP Transport Listener: dt_socket" daemon [_thread_in_vm, id=5512, stack(0x00000000166b0000,0x00000000167b0000)]

siginfo: ExceptionCode=0xc0000005, reading address 0x00003b003b003b00

Registers:
RAX=0x00000000167af101, RBX=0x000000001506e000, RCX=0x00003b003b003b00, RDX=0x0000000000000000
RSP=0x00000000167af0e0, RBP=0x00003b003b003b00, RSI=0x00000000167af1f8, RDI=0x0000000000b78350
R8 =0x000000001506e000, R9 =0x0000000000000700, R10=0x0000000000000000, R11=0x00000000167af3d1
R12=0x0000000000000000, R13=0x000000001506edc8, R14=0x0000000000000000, R15=0x0000000000000000
RIP=0x0000000059c572f5, EFLAGS=0x0000000000010206

Top of Stack: (sp=0x00000000167af0e0)
0x00000000167af0e0:   000000001506e000 000000001506e000
0x00000000167af0f0:   00000000167af1a8 0000000059e4a04b
0x00000000167af100:   000000001506e000 0000000059e668ad
0x00000000167af110:   0000000000000000 0000000059a49149
0x00000000167af120:   0000000015080578 0000000059a52912
0x00000000167af130:   000000001506e000 0000000000000000
0x00000000167af140:   0000000000000000 0000000000000000
0x00000000167af150:   00003b003b003b00 0000000059a51a09
0x00000000167af160:   00000000167af1f8 00000000167af1d0
0x00000000167af170:   0000000000000001 0000000015080578
0x00000000167af180:   00003b003b003b00 0000000059a353b3
0x00000000167af190:   00000000167af2c0 0000000000000001
0x00000000167af1a0:   0000000000000001 0000000015080578
0x00000000167af1b0:   000000000000000a 0000000000000000
0x00000000167af1c0:   0000000000000000 0000000000000000
0x00000000167af1d0:   0000000000000001 0000000059a35571 

Instructions: (pc=0x0000000059c572f5)
0x0000000059c572d5:   cc cc cc cc cc cc cc cc cc cc cc 48 83 ec 28 48
0x0000000059c572e5:   85 c9 75 07 33 c0 48 83 c4 28 c3 48 89 5c 24 20
0x0000000059c572f5:   48 8b 19 48 85 db 74 20 48 83 fb 37 74 1a 48 8b
0x0000000059c57305:   13 48 8b cb ff 52 08 84 c0 74 0d 48 8b c3 48 8b 


Register to memory mapping:

RAX=0x00000000167af101 is pointing into the stack for thread: 0x000000001506e000
RBX=0x000000001506e000 is a thread
RCX=0x00003b003b003b00 is an unknown value
RDX=0x0000000000000000 is an unknown value
RSP=0x00000000167af0e0 is pointing into the stack for thread: 0x000000001506e000
RBP=0x00003b003b003b00 is an unknown value
RSI=0x00000000167af1f8 is pointing into the stack for thread: 0x000000001506e000
RDI=0x0000000000b78350 is an unknown value
R8 =0x000000001506e000 is a thread
R9 =0x0000000000000700 is an unknown value
R10=0x0000000000000000 is an unknown value
R11=0x00000000167af3d1 is pointing into the stack for thread: 0x000000001506e000
R12=0x0000000000000000 is an unknown value
R13=0x000000001506edc8 is an unknown value
R14=0x0000000000000000 is an unknown value
R15=0x0000000000000000 is an unknown value


Stack: [0x00000000166b0000,0x00000000167b0000],  sp=0x00000000167af0e0,  free space=1020k
Native frames: (J=compiled Java code, j=interpreted, Vv=VM code, C=native code)
V  [jvm.dll+0x1172f5]
V  [jvm.dll+0x3268ad]
C  [jdwp.dll+0x21a09]
C  [jdwp.dll+0x53b3]
C  [jdwp.dll+0x5571]
C  [jdwp.dll+0xf09c]
C  [jdwp.dll+0x1f2c9]
C  [jdwp.dll+0x1f49e]
V  [jvm.dll+0x1a7128]
V  [jvm.dll+0x2232c4]
V  [jvm.dll+0x27baca]
C  [msvcr100.dll+0x21d9f]
C  [msvcr100.dll+0x21e3b]
C  [KERNEL32.DLL+0x1842]
C  [ntdll.dll+0x5d609]


---------------  P R O C E S S  ---------------

Java Threads: ( => current thread )
  0x0000000016ce8800 JavaThread "Service Thread" daemon [_thread_blocked, id=2804, stack(0x00000000170b0000,0x00000000171b0000)]
  0x000000001508d000 JavaThread "C1 CompilerThread2" daemon [_thread_blocked, id=4932, stack(0x0000000016bb0000,0x0000000016cb0000)]
  0x0000000015086000 JavaThread "C2 CompilerThread1" daemon [_thread_blocked, id=6028, stack(0x0000000016ab0000,0x0000000016bb0000)]
  0x0000000015083000 JavaThread "C2 CompilerThread0" daemon [_thread_blocked, id=6376, stack(0x00000000169b0000,0x0000000016ab0000)]
  0x0000000015074000 JavaThread "JDWP Command Reader" daemon [_thread_in_native, id=6044, stack(0x00000000168b0000,0x00000000169b0000)]
  0x0000000015070800 JavaThread "JDWP Event Helper Thread" daemon [_thread_blocked, id=4868, stack(0x00000000167b0000,0x00000000168b0000)]
=>0x000000001506e000 JavaThread "JDWP Transport Listener: dt_socket" daemon [_thread_in_vm, id=5512, stack(0x00000000166b0000,0x00000000167b0000)]
  0x000000001505b800 JavaThread "Attach Listener" daemon [_thread_blocked, id=5668, stack(0x00000000164b0000,0x00000000165b0000)]
  0x0000000015064000 JavaThread "Signal Dispatcher" daemon [_thread_blocked, id=6136, stack(0x00000000163b0000,0x00000000164b0000)]
  0x0000000002a52800 JavaThread "Finalizer" daemon [_thread_blocked, id=4600, stack(0x00000000162b0000,0x00000000163b0000)]
  0x0000000002a47800 JavaThread "Reference Handler" daemon [_thread_blocked, id=5640, stack(0x00000000161b0000,0x00000000162b0000)]
  0x0000000002962800 JavaThread "main" [_thread_in_native, id=1044, stack(0x0000000002580000,0x0000000002680000)]

Other Threads:
  0x0000000015025800 VMThread [stack: 0x00000000160b0000,0x00000000161b0000] [id=6816]
  0x00000000150be800 WatcherThread [stack: 0x00000000171b0000,0x00000000172b0000] [id=6060]

VM state:not at safepoint (normal execution)

VM Mutex/Monitor currently owned by a thread: None

Heap:
 PSYoungGen      total 1024K, used 678K [0x00000000eb200000, 0x00000000eb380000, 0x0000000100000000)
  eden space 512K, 41% used [0x00000000eb200000,0x00000000eb235860,0x00000000eb280000)
  from space 512K, 90% used [0x00000000eb280000,0x00000000eb2f4010,0x00000000eb300000)
  to   space 512K, 0% used [0x00000000eb300000,0x00000000eb300000,0x00000000eb380000)
 ParOldGen       total 64000K, used 8K [0x00000000c1600000, 0x00000000c5480000, 0x00000000eb200000)
  object space 64000K, 0% used [0x00000000c1600000,0x00000000c1602000,0x00000000c5480000)
 Metaspace       used 3243K, capacity 4632K, committed 4864K, reserved 1056768K
  class space    used 375K, capacity 392K, committed 512K, reserved 1048576K

Card table byte_map: [0x0000000011e20000,0x0000000012020000] byte_map_base: 0x0000000011815000

Marking Bits: (ParMarkBitMap*) 0x000000005a2f13b0
 Begin Bits: [0x0000000012570000, 0x0000000013518000)
 End Bits:   [0x0000000013518000, 0x00000000144c0000)

Polling page: 0x0000000000b40000

CodeCache: size=245760Kb used=1161Kb max_used=1161Kb free=244599Kb
 bounds [0x0000000002a60000, 0x0000000002cd0000, 0x0000000011a60000]
 total_blobs=275 nmethods=49 adapters=148
 compilation: enabled

Compilation events (10 events):
Event: 0.302 Thread 0x000000001508d000   45       3       java.util.HashMap::putVal (300 bytes)
Event: 0.304 Thread 0x000000001508d000 nmethod 45 0x0000000002b7eb90 code [0x0000000002b7ee00, 0x0000000002b80138]
Event: 0.304 Thread 0x000000001508d000   46       3       java.util.Arrays::copyOf (19 bytes)
Event: 0.305 Thread 0x000000001508d000 nmethod 46 0x0000000002b808d0 code [0x0000000002b80a40, 0x0000000002b80d68]
Event: 0.306 Thread 0x000000001508d000   47       3       java.lang.String::startsWith (72 bytes)
Event: 0.306 Thread 0x000000001508d000 nmethod 47 0x0000000002b80e90 code [0x0000000002b81000, 0x0000000002b81330]
Event: 0.306 Thread 0x000000001508d000   49       3       java.lang.String::startsWith (7 bytes)
Event: 0.307 Thread 0x000000001508d000 nmethod 49 0x0000000002b81510 code [0x0000000002b81680, 0x0000000002b818a8]
Event: 0.307 Thread 0x000000001508d000   48       1       java.util.ArrayList::size (5 bytes)
Event: 0.307 Thread 0x000000001508d000 nmethod 48 0x0000000002b71dd0 code [0x0000000002b71f20, 0x0000000002b72030]

GC Heap History (2 events):
Event: 0.275 GC heap before
{Heap before GC invocations=1 (full 0):
 PSYoungGen      total 1024K, used 504K [0x00000000eb200000, 0x00000000eb380000, 0x0000000100000000)
  eden space 512K, 98% used [0x00000000eb200000,0x00000000eb27e1f0,0x00000000eb280000)
  from space 512K, 0% used [0x00000000eb300000,0x00000000eb300000,0x00000000eb380000)
  to   space 512K, 0% used [0x00000000eb280000,0x00000000eb280000,0x00000000eb300000)
 ParOldGen       total 64000K, used 0K [0x00000000c1600000, 0x00000000c5480000, 0x00000000eb200000)
  object space 64000K, 0% used [0x00000000c1600000,0x00000000c1600000,0x00000000c5480000)
 Metaspace       used 2758K, capacity 4486K, committed 4864K, reserved 1056768K
  class space    used 318K, capacity 386K, committed 512K, reserved 1048576K
Event: 0.276 GC heap after
Heap after GC invocations=1 (full 0):
 PSYoungGen      total 1024K, used 464K [0x00000000eb200000, 0x00000000eb380000, 0x0000000100000000)
  eden space 512K, 0% used [0x00000000eb200000,0x00000000eb200000,0x00000000eb280000)
  from space 512K, 90% used [0x00000000eb280000,0x00000000eb2f4010,0x00000000eb300000)
  to   space 512K, 0% used [0x00000000eb300000,0x00000000eb300000,0x00000000eb380000)
 ParOldGen       total 64000K, used 8K [0x00000000c1600000, 0x00000000c5480000, 0x00000000eb200000)
  object space 64000K, 0% used [0x00000000c1600000,0x00000000c1602000,0x00000000c5480000)
 Metaspace       used 2758K, capacity 4486K, committed 4864K, reserved 1056768K
  class space    used 318K, capacity 386K, committed 512K, reserved 1048576K
}

Deoptimization events (0 events):
No events

Internal exceptions (9 events):
Event: 0.047 Thread 0x0000000002962800 Exception <a 'java/lang/NoSuchMethodError': Method sun.misc.Unsafe.defineClass(Ljava/lang/String;[BII)Ljava/lang/Class; name or signature does not match> (0x00000000eb20ef50) thrown at [D:\re\workspace\8-2-build-windows-amd64-cygwin\jdk8u5\2488\hotspot\srcÍþÏœ¨?
Event: 0.047 Thread 0x0000000002962800 Exception <a 'java/lang/NoSuchMethodError': Method sun.misc.Unsafe.prefetchRead(Ljava/lang/Object;J)V name or signature does not match> (0x00000000eb20f1e0) thrown at [D:\re\workspace\8-2-build-windows-amd64-cygwin\jdk8u5\2488\hotspot\src\share\vm\prims\jnÉR¬u¦–Î?
Event: 0.239 Thread 0x0000000002962800 Exception <a 'java/security/PrivilegedActionException'> (0x00000000eb264708) thrown at [D:\re\workspace\8-2-build-windows-amd64-cygwin\jdk8u5\2488\hotspot\src\share\vm\prims\jvm.cpp, line 1248]
Event: 0.287 Thread 0x0000000002962800 Exception <a 'java/security/PrivilegedActionException'> (0x00000000eb2147a8) thrown at [D:\re\workspace\8-2-build-windows-amd64-cygwin\jdk8u5\2488\hotspot\src\share\vm\prims\jvm.cpp, line 1248]
Event: 0.287 Thread 0x0000000002962800 Exception <a 'java/security/PrivilegedActionException'> (0x00000000eb214af0) thrown at [D:\re\workspace\8-2-build-windows-amd64-cygwin\jdk8u5\2488\hotspot\src\share\vm\prims\jvm.cpp, line 1248]
Event: 0.289 Thread 0x0000000002962800 Exception <a 'java/security/PrivilegedActionException'> (0x00000000eb218308) thrown at [D:\re\workspace\8-2-build-windows-amd64-cygwin\jdk8u5\2488\hotspot\src\share\vm\prims\jvm.cpp, line 1248]
Event: 0.290 Thread 0x0000000002962800 Exception <a 'java/security/PrivilegedActionException'> (0x00000000eb218650) thrown at [D:\re\workspace\8-2-build-windows-amd64-cygwin\jdk8u5\2488\hotspot\src\share\vm\prims\jvm.cpp, line 1248]
Event: 0.306 Thread 0x0000000002962800 Exception <a 'java/security/PrivilegedActionException'> (0x00000000eb22e070) thrown at [D:\re\workspace\8-2-build-windows-amd64-cygwin\jdk8u5\2488\hotspot\src\share\vm\prims\jvm.cpp, line 1248]
Event: 0.306 Thread 0x0000000002962800 Exception <a 'java/security/PrivilegedActionException'> (0x00000000eb22f1a0) thrown at [D:\re\workspace\8-2-build-windows-amd64-cygwin\jdk8u5\2488\hotspot\src\share\vm\prims\jvm.cpp, line 1248]

Events (10 events):
Event: 886.120 Executing VM operation: RedefineClasses
Event: 886.121 Executing VM operation: RedefineClasses done
Event: 886.130 Executing VM operation: ChangeBreakpoints
Event: 886.130 Executing VM operation: ChangeBreakpoints done
Event: 939.507 Executing VM operation: RedefineClasses
Event: 939.507 Executing VM operation: RedefineClasses done
Event: 939.518 Executing VM operation: ChangeBreakpoints
Event: 939.518 Executing VM operation: ChangeBreakpoints done
Event: 1887.692 Executing VM operation: RedefineClasses
Event: 1887.692 Executing VM operation: RedefineClasses done


Dynamic libraries:
0x000007f7d9d10000 - 0x000007f7d9d44000 	C:\Program Files\Java\jre8\bin\javaw.exe
0x000007fa6b130000 - 0x000007fa6b2f0000 	C:\Windows\SYSTEM32\ntdll.dll
0x000007fa68d20000 - 0x000007fa68e57000 	C:\Windows\system32\KERNEL32.DLL
0x000007fa68090000 - 0x000007fa68184000 	C:\Windows\system32\KERNELBASE.dll
0x000007fa68530000 - 0x000007fa6860e000 	C:\Windows\system32\ADVAPI32.dll
0x000007fa6acb0000 - 0x000007fa6adfc000 	C:\Windows\system32\USER32.dll
0x000007fa64ed0000 - 0x000007fa6513a000 	C:\Windows\WinSxS\amd64_microsoft.windows.common-controls_6595b64144ccf1df_6.0.9200.16579_none_418ab7ef718b27ef\COMCTL32.dll
0x000007fa6a9d0000 - 0x000007fa6aa75000 	C:\Windows\system32\msvcrt.dll
0x000007fa6af10000 - 0x000007fa6af58000 	C:\Windows\SYSTEM32\sechost.dll
0x000007fa68bd0000 - 0x000007fa68d15000 	C:\Windows\system32\RPCRT4.dll
0x000007fa68670000 - 0x000007fa687b1000 	C:\Windows\system32\GDI32.dll
0x000007fa6a940000 - 0x000007fa6a979000 	C:\Windows\system32\IMM32.DLL
0x000007fa68ab0000 - 0x000007fa68bc6000 	C:\Windows\system32\MSCTF.dll
0x000000005a370000 - 0x000000005a442000 	C:\Program Files\Java\jre8\bin\msvcr100.dll
0x0000000059b40000 - 0x000000005a36a000 	C:\Program Files\Java\jre8\bin\server\jvm.dll
0x000007fa65f50000 - 0x000007fa65f59000 	C:\Windows\SYSTEM32\WSOCK32.dll
0x000007fa61cc0000 - 0x000007fa61ce0000 	C:\Windows\SYSTEM32\WINMM.dll
0x000007fa6a700000 - 0x000007fa6a707000 	C:\Windows\system32\PSAPI.DLL
0x000007fa68a50000 - 0x000007fa68aa8000 	C:\Windows\system32\WS2_32.dll
0x000007fa61bc0000 - 0x000007fa61bf3000 	C:\Windows\SYSTEM32\WINMMBASE.dll
0x000007fa68970000 - 0x000007fa68979000 	C:\Windows\system32\NSI.dll
0x000007fa684d0000 - 0x000007fa6851f000 	C:\Windows\SYSTEM32\cfgmgr32.dll
0x000007fa68370000 - 0x000007fa68392000 	C:\Windows\system32\DEVOBJ.dll
0x0000000059b30000 - 0x0000000059b3f000 	C:\Program Files\Java\jre8\bin\verify.dll
0x0000000059b00000 - 0x0000000059b28000 	C:\Program Files\Java\jre8\bin\java.dll
0x0000000059a30000 - 0x0000000059a65000 	C:\Program Files\Java\jre8\bin\jdwp.dll
0x0000000059a20000 - 0x0000000059a28000 	C:\Program Files\Java\jre8\bin\npt.dll
0x0000000059ae0000 - 0x0000000059af6000 	C:\Program Files\Java\jre8\bin\zip.dll
0x000007fa69270000 - 0x000007fa6a550000 	C:\Windows\system32\SHELL32.dll
0x000007fa687c0000 - 0x000007fa68970000 	C:\Windows\SYSTEM32\combase.dll
0x000007fa6a980000 - 0x000007fa6a9d0000 	C:\Windows\system32\SHLWAPI.dll
0x000007fa663f0000 - 0x000007fa66485000 	C:\Windows\SYSTEM32\SHCORE.dll
0x000007fa68050000 - 0x000007fa68065000 	C:\Windows\system32\profapi.dll
0x0000000059a10000 - 0x0000000059a19000 	C:\Program Files\Java\jre8\bin\dt_socket.dll
0x000007fa50ec0000 - 0x000007fa50ed4000 	C:\Windows\system32\napinsp.dll
0x000007fa50ee0000 - 0x000007fa50ef8000 	C:\Windows\system32\pnrpnsp.dll
0x000007fa66350000 - 0x000007fa66366000 	C:\Windows\system32\NLAapi.dll
0x000007fa67810000 - 0x000007fa6786c000 	C:\Windows\System32\mswsock.dll
0x000007fa67650000 - 0x000007fa676e8000 	C:\Windows\SYSTEM32\DNSAPI.dll
0x000007fa50f00000 - 0x000007fa50f12000 	C:\Windows\System32\winrnr.dll
0x000007fa50f20000 - 0x000007fa50f34000 	C:\Windows\system32\wshbth.dll
0x000007fa63490000 - 0x000007fa634f1000 	C:\Windows\System32\fwpuclnt.dll
0x000007fa50eb0000 - 0x000007fa50eb8000 	C:\Windows\System32\rasadhlp.dll
0x000007fa518c0000 - 0x000007fa51a23000 	C:\Windows\SYSTEM32\dbghelp.dll

VM Arguments:
jvm_args: -agentlib:jdwp=transport=dt_socket,suspend=y,address=localhost:53748 -Dfile.encoding=Cp1252 
java_command: main
java_class_path (initial): E:\Olympic\Programming\Olympic-2014\Khang\bin
Launcher Type: SUN_STANDARD

Environment Variables:
JAVA_HOME=C:\Program Files\Java\jdk1.7.0_21
PATH=C:\Windows\system32;C:\Windows;C:\Windows\System32\Wbem;C:\Windows\System32\WindowsPowerShell\v1.0\;C:\Program Files\Microsoft\Web Platform Installer\;C:\Program Files (x86)\Microsoft ASP.NET\ASP.NET Web Pages\v1.0\;C:\Program Files\Microsoft SQL Server\110\Tools\Binn\;C:\Program Files\Microsoft SQL Server\110\DTS\Binn\;C:\Program Files (x86)\Microsoft SQL Server\110\Tools\Binn\;C:\Program Files (x86)\Microsoft SQL Server\110\Tools\Binn\ManagementStudio\;C:\Program Files (x86)\Microsoft Visual Studio 10.0\Common7\IDE\PrivateAssemblies\;C:\Program Files (x86)\Microsoft SQL Server\110\DTS\Binn\;C:\Program Files\Java\jdk1.7.0_21\bin;.; ;C:\Program Files\nodejs\;C:\Program Files (x86)\Windows Kits\8.1\Windows Performance Toolkit\;C:\Program Files\TortoiseGit\bin;C:\Users\Khang\AppData\Roaming\npm
USERNAME=Khang
OS=Windows_NT
PROCESSOR_IDENTIFIER=Intel64 Family 6 Model 42 Stepping 7, GenuineIntel



---------------  S Y S T E M  ---------------

OS: Windows 8 , 64 bit Build 9200 

CPU:total 4 (2 cores per cpu, 2 threads per core) family 6 model 42 stepping 7, cmov, cx8, fxsr, mmx, sse, sse2, sse3, ssse3, sse4.1, sse4.2, popcnt, avx, clmul, ht, tsc, tscinvbit

Memory: 4k page, physical 4099980k(942692k free), swap 8375392k(1251920k free)

vm_info: Java HotSpot(TM) 64-Bit Server VM (25.5-b02) for windows-amd64 JRE (1.8.0_05-b13), built on Mar 18 2014 01:08:39 by "java_re" with MS VC++ 10.0 (VS2010)

time: Wed Oct 01 11:08:21 2014
elapsed time: 1887 seconds

