#
# A fatal error has been detected by the Java Runtime Environment:
#
#  EXCEPTION_ACCESS_VIOLATION (0xc0000005) at pc=0x0000000059c572f5, pid=1448, tid=5520
#
# JRE version: Java(TM) SE Runtime Environment (8.0_05-b13) (build 1.8.0_05-b13)
# Java VM: Java HotSpot(TM) 64-Bit Server VM (25.5-b02 mixed mode windows-amd64 compressed oops)
# Problematic frame:
# V  [jvm.dll+0x1172f5]
#
# Failed to write core dump. Minidumps are not enabled by default on client versions of Windows
#
# If you would like to submit a bug report, please visit:
#   http://bugreport.sun.com/bugreport/crash.jsp
#

---------------  T H R E A D  ---------------

Current thread (0x00000000154a1000):  JavaThread "JDWP Transport Listener: dt_socket" daemon [_thread_in_vm, id=5520, stack(0x0000000016b20000,0x0000000016c20000)]

siginfo: ExceptionCode=0xc0000005, reading address 0xffffffffffffffff

Registers:
RAX=0x0000000016c1f901, RBX=0x00000000154a1000, RCX=0x003b003b7463656a, RDX=0x0000000000000000
RSP=0x0000000016c1f8c0, RBP=0x003b003b7463656a, RSI=0x0000000016c1f9d8, RDI=0x00000000029a8350
R8 =0x00000000154a1000, R9 =0x0000000000000700, R10=0x0000000000000000, R11=0x0000000016c1fbb1
R12=0x0000000000000000, R13=0x00000000154a1f48, R14=0x0000000000000000, R15=0x0000000000000000
RIP=0x0000000059c572f5, EFLAGS=0x0000000000010206

Top of Stack: (sp=0x0000000016c1f8c0)
0x0000000016c1f8c0:   00000000154a1000 00000000154a1000
0x0000000016c1f8d0:   0000000016c1f988 0000000059e4a04b
0x0000000016c1f8e0:   00000000154a1000 0000000059e668ad
0x0000000016c1f8f0:   0000000000000000 0000000059a49149
0x0000000016c1f900:   00000000154b3288 0000000059a52912
0x0000000016c1f910:   00000000154a1000 0000000000000000
0x0000000016c1f920:   0000000000000000 0000000000000000
0x0000000016c1f930:   003b003b7463656a 0000000059a51a09
0x0000000016c1f940:   0000000016c1f9d8 0000000016c1f9b0
0x0000000016c1f950:   0000000000000001 00000000154b3288
0x0000000016c1f960:   003b003b7463656a 0000000059a353b3
0x0000000016c1f970:   0000000016c1faa0 0000000000000001
0x0000000016c1f980:   0000000000000001 00000000154b3288
0x0000000016c1f990:   000000000000000a 0000000000000000
0x0000000016c1f9a0:   0000000000000000 0000000000000000
0x0000000016c1f9b0:   0000000000000001 0000000059a35571 

Instructions: (pc=0x0000000059c572f5)
0x0000000059c572d5:   cc cc cc cc cc cc cc cc cc cc cc 48 83 ec 28 48
0x0000000059c572e5:   85 c9 75 07 33 c0 48 83 c4 28 c3 48 89 5c 24 20
0x0000000059c572f5:   48 8b 19 48 85 db 74 20 48 83 fb 37 74 1a 48 8b
0x0000000059c57305:   13 48 8b cb ff 52 08 84 c0 74 0d 48 8b c3 48 8b 


Register to memory mapping:

RAX=0x0000000016c1f901 is pointing into the stack for thread: 0x00000000154a1000
RBX=0x00000000154a1000 is a thread
RCX=0x003b003b7463656a is an unknown value
RDX=0x0000000000000000 is an unknown value
RSP=0x0000000016c1f8c0 is pointing into the stack for thread: 0x00000000154a1000
RBP=0x003b003b7463656a is an unknown value
RSI=0x0000000016c1f9d8 is pointing into the stack for thread: 0x00000000154a1000
RDI=0x00000000029a8350 is an unknown value
R8 =0x00000000154a1000 is a thread
R9 =0x0000000000000700 is an unknown value
R10=0x0000000000000000 is an unknown value
R11=0x0000000016c1fbb1 is pointing into the stack for thread: 0x00000000154a1000
R12=0x0000000000000000 is an unknown value
R13=0x00000000154a1f48 is an unknown value
R14=0x0000000000000000 is an unknown value
R15=0x0000000000000000 is an unknown value


Stack: [0x0000000016b20000,0x0000000016c20000],  sp=0x0000000016c1f8c0,  free space=1022k
Native frames: (J=compiled Java code, j=interpreted, Vv=VM code, C=native code)
V  [jvm.dll+0x1172f5]
V  [jvm.dll+0x3268ad]
C  [jdwp.dll+0x21a09]
C  [jdwp.dll+0x53b3]
C  [jdwp.dll+0x5571]
C  [jdwp.dll+0xf09c]
C  [jdwp.dll+0x1f2c9]
C  [jdwp.dll+0x1f49e]
V  [jvm.dll+0x1a7128]
V  [jvm.dll+0x2232c4]
V  [jvm.dll+0x27baca]
C  [msvcr100.dll+0x21d9f]
C  [msvcr100.dll+0x21e3b]
C  [KERNEL32.DLL+0x1842]
C  [ntdll.dll+0x5d609]


---------------  P R O C E S S  ---------------

Java Threads: ( => current thread )
  0x0000000017160800 JavaThread "Service Thread" daemon [_thread_blocked, id=6592, stack(0x0000000017520000,0x0000000017620000)]
  0x00000000154c1800 JavaThread "C1 CompilerThread2" daemon [_thread_blocked, id=4888, stack(0x0000000017020000,0x0000000017120000)]
  0x00000000154bd800 JavaThread "C2 CompilerThread1" daemon [_thread_blocked, id=5424, stack(0x0000000016f20000,0x0000000017020000)]
  0x00000000154b5800 JavaThread "C2 CompilerThread0" daemon [_thread_blocked, id=1248, stack(0x0000000016e20000,0x0000000016f20000)]
  0x00000000154a7000 JavaThread "JDWP Command Reader" daemon [_thread_in_native, id=444, stack(0x0000000016d20000,0x0000000016e20000)]
  0x00000000154a3800 JavaThread "JDWP Event Helper Thread" daemon [_thread_blocked, id=1772, stack(0x0000000016c20000,0x0000000016d20000)]
=>0x00000000154a1000 JavaThread "JDWP Transport Listener: dt_socket" daemon [_thread_in_vm, id=5520, stack(0x0000000016b20000,0x0000000016c20000)]
  0x000000001548e000 JavaThread "Attach Listener" daemon [_thread_blocked, id=5092, stack(0x0000000016920000,0x0000000016a20000)]
  0x0000000015496800 JavaThread "Signal Dispatcher" daemon [_thread_blocked, id=6368, stack(0x0000000016820000,0x0000000016920000)]
  0x0000000002e84800 JavaThread "Finalizer" daemon [_thread_blocked, id=6564, stack(0x0000000016720000,0x0000000016820000)]
  0x0000000002e7a000 JavaThread "Reference Handler" daemon [_thread_blocked, id=6040, stack(0x0000000016620000,0x0000000016720000)]
  0x0000000002d92800 JavaThread "main" [_thread_in_native, id=4200, stack(0x00000000029b0000,0x0000000002ab0000)]

Other Threads:
  0x0000000015455000 VMThread [stack: 0x0000000016520000,0x0000000016620000] [id=6696]
  0x000000001717b000 WatcherThread [stack: 0x0000000017620000,0x0000000017720000] [id=2448]

VM state:not at safepoint (normal execution)

VM Mutex/Monitor currently owned by a thread: None

Heap:
 PSYoungGen      total 1024K, used 634K [0x00000000eb200000, 0x00000000eb380000, 0x0000000100000000)
  eden space 512K, 39% used [0x00000000eb200000,0x00000000eb232890,0x00000000eb280000)
  from space 512K, 84% used [0x00000000eb280000,0x00000000eb2ec010,0x00000000eb300000)
  to   space 512K, 0% used [0x00000000eb300000,0x00000000eb300000,0x00000000eb380000)
 ParOldGen       total 64000K, used 8K [0x00000000c1600000, 0x00000000c5480000, 0x00000000eb200000)
  object space 64000K, 0% used [0x00000000c1600000,0x00000000c1602000,0x00000000c5480000)
 Metaspace       used 3247K, capacity 4632K, committed 4864K, reserved 1056768K
  class space    used 376K, capacity 392K, committed 512K, reserved 1048576K

Card table byte_map: [0x0000000012250000,0x0000000012450000] byte_map_base: 0x0000000011c45000

Marking Bits: (ParMarkBitMap*) 0x000000005a2f13b0
 Begin Bits: [0x00000000129a0000, 0x0000000013948000)
 End Bits:   [0x0000000013948000, 0x00000000148f0000)

Polling page: 0x0000000001000000

CodeCache: size=245760Kb used=1161Kb max_used=1161Kb free=244598Kb
 bounds [0x0000000002e90000, 0x0000000003100000, 0x0000000011e90000]
 total_blobs=275 nmethods=49 adapters=148
 compilation: enabled

Compilation events (10 events):
Event: 0.278 Thread 0x00000000154c1800   45       3       java.util.HashMap::putVal (300 bytes)
Event: 0.279 Thread 0x00000000154c1800 nmethod 45 0x0000000002faea10 code [0x0000000002faec80, 0x0000000002faffb8]
Event: 0.280 Thread 0x00000000154c1800   46       3       java.lang.String::startsWith (7 bytes)
Event: 0.280 Thread 0x00000000154c1800 nmethod 46 0x0000000002fb0750 code [0x0000000002fb08c0, 0x0000000002fb0ae8]
Event: 0.280 Thread 0x00000000154c1800   47       3       java.util.Arrays::copyOf (19 bytes)
Event: 0.280 Thread 0x00000000154c1800 nmethod 47 0x0000000002fb0b90 code [0x0000000002fb0d00, 0x0000000002fb1028]
Event: 0.283 Thread 0x00000000154c1800   49       3       java.lang.String::startsWith (72 bytes)
Event: 0.283 Thread 0x00000000154c1800 nmethod 49 0x0000000002fb1150 code [0x0000000002fb12c0, 0x0000000002fb15f0]
Event: 0.283 Thread 0x00000000154c1800   48       1       java.util.ArrayList::size (5 bytes)
Event: 0.284 Thread 0x00000000154c1800 nmethod 48 0x0000000002fb17d0 code [0x0000000002fb1920, 0x0000000002fb1a30]

GC Heap History (2 events):
Event: 0.254 GC heap before
{Heap before GC invocations=1 (full 0):
 PSYoungGen      total 1024K, used 506K [0x00000000eb200000, 0x00000000eb380000, 0x0000000100000000)
  eden space 512K, 98% used [0x00000000eb200000,0x00000000eb27eb60,0x00000000eb280000)
  from space 512K, 0% used [0x00000000eb300000,0x00000000eb300000,0x00000000eb380000)
  to   space 512K, 0% used [0x00000000eb280000,0x00000000eb280000,0x00000000eb300000)
 ParOldGen       total 64000K, used 0K [0x00000000c1600000, 0x00000000c5480000, 0x00000000eb200000)
  object space 64000K, 0% used [0x00000000c1600000,0x00000000c1600000,0x00000000c5480000)
 Metaspace       used 2758K, capacity 4486K, committed 4864K, reserved 1056768K
  class space    used 318K, capacity 386K, committed 512K, reserved 1048576K
Event: 0.255 GC heap after
Heap after GC invocations=1 (full 0):
 PSYoungGen      total 1024K, used 432K [0x00000000eb200000, 0x00000000eb380000, 0x0000000100000000)
  eden space 512K, 0% used [0x00000000eb200000,0x00000000eb200000,0x00000000eb280000)
  from space 512K, 84% used [0x00000000eb280000,0x00000000eb2ec010,0x00000000eb300000)
  to   space 512K, 0% used [0x00000000eb300000,0x00000000eb300000,0x00000000eb380000)
 ParOldGen       total 64000K, used 8K [0x00000000c1600000, 0x00000000c5480000, 0x00000000eb200000)
  object space 64000K, 0% used [0x00000000c1600000,0x00000000c1602000,0x00000000c5480000)
 Metaspace       used 2758K, capacity 4486K, committed 4864K, reserved 1056768K
  class space    used 318K, capacity 386K, committed 512K, reserved 1048576K
}

Deoptimization events (0 events):
No events

Internal exceptions (9 events):
Event: 0.065 Thread 0x0000000002d92800 Exception <a 'java/lang/NoSuchMethodError': Method sun.misc.Unsafe.defineClass(Ljava/lang/String;[BII)Ljava/lang/Class; name or signature does not match> (0x00000000eb20ec50) thrown at [D:\re\workspace\8-2-build-windows-amd64-cygwin\jdk8u5\2488\hotspot\src«¢Žr¹º°?
Event: 0.065 Thread 0x0000000002d92800 Exception <a 'java/lang/NoSuchMethodError': Method sun.misc.Unsafe.prefetchRead(Ljava/lang/Object;J)V name or signature does not match> (0x00000000eb20eee0) thrown at [D:\re\workspace\8-2-build-windows-amd64-cygwin\jdk8u5\2488\hotspot\src\share\vm\prims\jnBÝ”;Í?
Event: 0.228 Thread 0x0000000002d92800 Exception <a 'java/security/PrivilegedActionException'> (0x00000000eb2643c0) thrown at [D:\re\workspace\8-2-build-windows-amd64-cygwin\jdk8u5\2488\hotspot\src\share\vm\prims\jvm.cpp, line 1248]
Event: 0.266 Thread 0x0000000002d92800 Exception <a 'java/security/PrivilegedActionException'> (0x00000000eb2126e8) thrown at [D:\re\workspace\8-2-build-windows-amd64-cygwin\jdk8u5\2488\hotspot\src\share\vm\prims\jvm.cpp, line 1248]
Event: 0.266 Thread 0x0000000002d92800 Exception <a 'java/security/PrivilegedActionException'> (0x00000000eb212a30) thrown at [D:\re\workspace\8-2-build-windows-amd64-cygwin\jdk8u5\2488\hotspot\src\share\vm\prims\jvm.cpp, line 1248]
Event: 0.267 Thread 0x0000000002d92800 Exception <a 'java/security/PrivilegedActionException'> (0x00000000eb216250) thrown at [D:\re\workspace\8-2-build-windows-amd64-cygwin\jdk8u5\2488\hotspot\src\share\vm\prims\jvm.cpp, line 1248]
Event: 0.267 Thread 0x0000000002d92800 Exception <a 'java/security/PrivilegedActionException'> (0x00000000eb216598) thrown at [D:\re\workspace\8-2-build-windows-amd64-cygwin\jdk8u5\2488\hotspot\src\share\vm\prims\jvm.cpp, line 1248]
Event: 0.282 Thread 0x0000000002d92800 Exception <a 'java/security/PrivilegedActionException'> (0x00000000eb22c028) thrown at [D:\re\workspace\8-2-build-windows-amd64-cygwin\jdk8u5\2488\hotspot\src\share\vm\prims\jvm.cpp, line 1248]
Event: 0.283 Thread 0x0000000002d92800 Exception <a 'java/security/PrivilegedActionException'> (0x00000000eb22d188) thrown at [D:\re\workspace\8-2-build-windows-amd64-cygwin\jdk8u5\2488\hotspot\src\share\vm\prims\jvm.cpp, line 1248]

Events (10 events):
Event: 1083.179 Executing VM operation: RedefineClasses
Event: 1083.179 Executing VM operation: RedefineClasses done
Event: 1083.212 Executing VM operation: ChangeBreakpoints
Event: 1083.212 Executing VM operation: ChangeBreakpoints done
Event: 1136.587 Executing VM operation: RedefineClasses
Event: 1136.587 Executing VM operation: RedefineClasses done
Event: 1136.599 Executing VM operation: ChangeBreakpoints
Event: 1136.599 Executing VM operation: ChangeBreakpoints done
Event: 2084.572 Executing VM operation: RedefineClasses
Event: 2084.573 Executing VM operation: RedefineClasses done


Dynamic libraries:
0x000007f7d9d10000 - 0x000007f7d9d44000 	C:\Program Files\Java\jre8\bin\javaw.exe
0x000007fa6b130000 - 0x000007fa6b2f0000 	C:\Windows\SYSTEM32\ntdll.dll
0x000007fa68d20000 - 0x000007fa68e57000 	C:\Windows\system32\KERNEL32.DLL
0x000007fa68090000 - 0x000007fa68184000 	C:\Windows\system32\KERNELBASE.dll
0x000007fa68530000 - 0x000007fa6860e000 	C:\Windows\system32\ADVAPI32.dll
0x000007fa6acb0000 - 0x000007fa6adfc000 	C:\Windows\system32\USER32.dll
0x000007fa64ed0000 - 0x000007fa6513a000 	C:\Windows\WinSxS\amd64_microsoft.windows.common-controls_6595b64144ccf1df_6.0.9200.16579_none_418ab7ef718b27ef\COMCTL32.dll
0x000007fa6a9d0000 - 0x000007fa6aa75000 	C:\Windows\system32\msvcrt.dll
0x000007fa6af10000 - 0x000007fa6af58000 	C:\Windows\SYSTEM32\sechost.dll
0x000007fa68bd0000 - 0x000007fa68d15000 	C:\Windows\system32\RPCRT4.dll
0x000007fa68670000 - 0x000007fa687b1000 	C:\Windows\system32\GDI32.dll
0x000007fa6a940000 - 0x000007fa6a979000 	C:\Windows\system32\IMM32.DLL
0x000007fa68ab0000 - 0x000007fa68bc6000 	C:\Windows\system32\MSCTF.dll
0x000000005a370000 - 0x000000005a442000 	C:\Program Files\Java\jre8\bin\msvcr100.dll
0x0000000059b40000 - 0x000000005a36a000 	C:\Program Files\Java\jre8\bin\server\jvm.dll
0x000007fa65f50000 - 0x000007fa65f59000 	C:\Windows\SYSTEM32\WSOCK32.dll
0x000007fa61cc0000 - 0x000007fa61ce0000 	C:\Windows\SYSTEM32\WINMM.dll
0x000007fa6a700000 - 0x000007fa6a707000 	C:\Windows\system32\PSAPI.DLL
0x000007fa68a50000 - 0x000007fa68aa8000 	C:\Windows\system32\WS2_32.dll
0x000007fa61bc0000 - 0x000007fa61bf3000 	C:\Windows\SYSTEM32\WINMMBASE.dll
0x000007fa68970000 - 0x000007fa68979000 	C:\Windows\system32\NSI.dll
0x000007fa684d0000 - 0x000007fa6851f000 	C:\Windows\SYSTEM32\cfgmgr32.dll
0x000007fa68370000 - 0x000007fa68392000 	C:\Windows\system32\DEVOBJ.dll
0x0000000059b30000 - 0x0000000059b3f000 	C:\Program Files\Java\jre8\bin\verify.dll
0x0000000059b00000 - 0x0000000059b28000 	C:\Program Files\Java\jre8\bin\java.dll
0x0000000059a30000 - 0x0000000059a65000 	C:\Program Files\Java\jre8\bin\jdwp.dll
0x0000000059a20000 - 0x0000000059a28000 	C:\Program Files\Java\jre8\bin\npt.dll
0x0000000059ae0000 - 0x0000000059af6000 	C:\Program Files\Java\jre8\bin\zip.dll
0x000007fa69270000 - 0x000007fa6a550000 	C:\Windows\system32\SHELL32.dll
0x000007fa687c0000 - 0x000007fa68970000 	C:\Windows\SYSTEM32\combase.dll
0x000007fa6a980000 - 0x000007fa6a9d0000 	C:\Windows\system32\SHLWAPI.dll
0x000007fa663f0000 - 0x000007fa66485000 	C:\Windows\SYSTEM32\SHCORE.dll
0x000007fa68050000 - 0x000007fa68065000 	C:\Windows\system32\profapi.dll
0x0000000059a10000 - 0x0000000059a19000 	C:\Program Files\Java\jre8\bin\dt_socket.dll
0x000007fa50ec0000 - 0x000007fa50ed4000 	C:\Windows\system32\napinsp.dll
0x000007fa50ee0000 - 0x000007fa50ef8000 	C:\Windows\system32\pnrpnsp.dll
0x000007fa66350000 - 0x000007fa66366000 	C:\Windows\system32\NLAapi.dll
0x000007fa67810000 - 0x000007fa6786c000 	C:\Windows\System32\mswsock.dll
0x000007fa67650000 - 0x000007fa676e8000 	C:\Windows\SYSTEM32\DNSAPI.dll
0x000007fa50f00000 - 0x000007fa50f12000 	C:\Windows\System32\winrnr.dll
0x000007fa50f20000 - 0x000007fa50f34000 	C:\Windows\system32\wshbth.dll
0x000007fa63490000 - 0x000007fa634f1000 	C:\Windows\System32\fwpuclnt.dll
0x000007fa50eb0000 - 0x000007fa50eb8000 	C:\Windows\System32\rasadhlp.dll
0x000007fa518c0000 - 0x000007fa51a23000 	C:\Windows\SYSTEM32\dbghelp.dll

VM Arguments:
jvm_args: -agentlib:jdwp=transport=dt_socket,suspend=y,address=localhost:53739 -Dfile.encoding=Cp1252 
java_command: main
java_class_path (initial): E:\Olympic\Programming\Olympic-2014\Khang\bin
Launcher Type: SUN_STANDARD

Environment Variables:
JAVA_HOME=C:\Program Files\Java\jdk1.7.0_21
PATH=C:\Windows\system32;C:\Windows;C:\Windows\System32\Wbem;C:\Windows\System32\WindowsPowerShell\v1.0\;C:\Program Files\Microsoft\Web Platform Installer\;C:\Program Files (x86)\Microsoft ASP.NET\ASP.NET Web Pages\v1.0\;C:\Program Files\Microsoft SQL Server\110\Tools\Binn\;C:\Program Files\Microsoft SQL Server\110\DTS\Binn\;C:\Program Files (x86)\Microsoft SQL Server\110\Tools\Binn\;C:\Program Files (x86)\Microsoft SQL Server\110\Tools\Binn\ManagementStudio\;C:\Program Files (x86)\Microsoft Visual Studio 10.0\Common7\IDE\PrivateAssemblies\;C:\Program Files (x86)\Microsoft SQL Server\110\DTS\Binn\;C:\Program Files\Java\jdk1.7.0_21\bin;.; ;C:\Program Files\nodejs\;C:\Program Files (x86)\Windows Kits\8.1\Windows Performance Toolkit\;C:\Program Files\TortoiseGit\bin;C:\Users\Khang\AppData\Roaming\npm
USERNAME=Khang
OS=Windows_NT
PROCESSOR_IDENTIFIER=Intel64 Family 6 Model 42 Stepping 7, GenuineIntel



---------------  S Y S T E M  ---------------

OS: Windows 8 , 64 bit Build 9200 

CPU:total 4 (2 cores per cpu, 2 threads per core) family 6 model 42 stepping 7, cmov, cx8, fxsr, mmx, sse, sse2, sse3, ssse3, sse4.1, sse4.2, popcnt, avx, clmul, ht, tsc, tscinvbit

Memory: 4k page, physical 4099980k(936920k free), swap 8375392k(1116808k free)

vm_info: Java HotSpot(TM) 64-Bit Server VM (25.5-b02) for windows-amd64 JRE (1.8.0_05-b13), built on Mar 18 2014 01:08:39 by "java_re" with MS VC++ 10.0 (VS2010)

time: Wed Oct 01 11:08:21 2014
elapsed time: 2084 seconds

