#
# A fatal error has been detected by the Java Runtime Environment:
#
#  EXCEPTION_ACCESS_VIOLATION (0xc0000005) at pc=0x00000000614d248b, pid=3820, tid=8612
#
# JRE version: Java(TM) SE Runtime Environment (7.0_51-b13) (build 1.7.0_51-b13)
# Java VM: Java HotSpot(TM) 64-Bit Server VM (24.51-b03 mixed mode windows-amd64 compressed oops)
# Problematic frame:
# V  [jvm.dll+0x14248b]
#
# Failed to write core dump. Minidumps are not enabled by default on client versions of Windows
#
# If you would like to submit a bug report, please visit:
#   http://bugreport.sun.com/bugreport/crash.jsp
#

---------------  T H R E A D  ---------------

Current thread (0x0000000008047800):  JavaThread "JDWP Transport Listener: dt_socket" daemon [_thread_in_vm, id=8612, stack(0x0000000009f80000,0x000000000a080000)]

siginfo: ExceptionCode=0xc0000005, reading address 0xffffffffffffffff

Registers:
RAX=0x000000000a07f301, RBX=0x0000000008047800, RCX=0x3b6472616f627373, RDX=0x0000000000000000
RSP=0x000000000a07f320, RBP=0x3b6472616f627373, RSI=0x000000000a07f438, RDI=0x0000000001c88b00
R8 =0x0000000008047800, R9 =0x000000b400020001, R10=0x0000000000000000, R11=0x000000000a07f5a4
R12=0x0000000000000000, R13=0x000000000803ba28, R14=0x0000000000000000, R15=0x0000000000000000
RIP=0x00000000614d248b, EFLAGS=0x0000000000010202

Top of Stack: (sp=0x000000000a07f320)
0x000000000a07f320:   0000000008047800 0000000000000002
0x000000000a07f330:   000000000a07f3e8 0000000061671239
0x000000000a07f340:   0000000008047800 000000006168ede2
0x000000000a07f350:   0000000000000000 000000006ab28e89
0x000000000a07f360:   0000000007fe9478 000000006ab3265a
0x000000000a07f370:   0000000008047800 0000000000000000
0x000000000a07f380:   0000000000000000 0000000000000000
0x000000000a07f390:   3b6472616f627373 000000006ab31751
0x000000000a07f3a0:   000000000a07f438 000000000a07f410
0x000000000a07f3b0:   0000000000000001 0000000007fe9478
0x000000000a07f3c0:   3b6472616f627373 000000006ab153b3
0x000000000a07f3d0:   000000000a07f500 0000000000000001
0x000000000a07f3e0:   0000000000000001 0000000007fe9478
0x000000000a07f3f0:   000000000000000a 0000000000000000
0x000000000a07f400:   0000000000000000 0000000000000000
0x000000000a07f410:   0000000000000001 000000006ab15571 

Instructions: (pc=0x00000000614d248b)
0x00000000614d246b:   48 8b 5c 24 30 48 89 47 18 48 83 c4 20 5f c3 cc
0x00000000614d247b:   cc cc cc cc cc 40 53 48 83 ec 20 48 85 c9 74 54
0x00000000614d248b:   48 8b 19 48 85 db 74 4c 48 b8 fe fe fe fe fe fe
0x00000000614d249b:   fe fe 48 3b d8 74 3d 80 3d 8f 87 60 00 00 74 15 


Register to memory mapping:

RAX=0x000000000a07f301 is pointing into the stack for thread: 0x0000000008047800
RBX=0x0000000008047800 is a thread
RCX=0x3b6472616f627373 is an unknown value
RDX=0x0000000000000000 is an unknown value
RSP=0x000000000a07f320 is pointing into the stack for thread: 0x0000000008047800
RBP=0x3b6472616f627373 is an unknown value
RSI=0x000000000a07f438 is pointing into the stack for thread: 0x0000000008047800
RDI=0x0000000001c88b00 is an unknown value
R8 =0x0000000008047800 is a thread
R9 =0x000000b400020001 is an unknown value
R10=0x0000000000000000 is an unknown value
R11=0x000000000a07f5a4 is pointing into the stack for thread: 0x0000000008047800
R12=0x0000000000000000 is an unknown value
R13=0x000000000803ba28 is an unknown value
R14=0x0000000000000000 is an unknown value
R15=0x0000000000000000 is an unknown value


Stack: [0x0000000009f80000,0x000000000a080000],  sp=0x000000000a07f320,  free space=1020k
Native frames: (J=compiled Java code, j=interpreted, Vv=VM code, C=native code)
V  [jvm.dll+0x14248b]


---------------  P R O C E S S  ---------------

Java Threads: ( => current thread )
  0x000000000a653800 JavaThread "Service Thread" daemon [_thread_blocked, id=7528, stack(0x000000000ac90000,0x000000000ad90000)]
  0x000000000a64d800 JavaThread "C2 CompilerThread1" daemon [_thread_blocked, id=6096, stack(0x000000000a1a0000,0x000000000a2a0000)]
  0x000000000805f800 JavaThread "C2 CompilerThread0" daemon [_thread_blocked, id=9028, stack(0x000000000aa50000,0x000000000ab50000)]
  0x0000000008054800 JavaThread "JDWP Command Reader" daemon [_thread_in_native, id=4780, stack(0x000000000a540000,0x000000000a640000)]
  0x0000000008052000 JavaThread "JDWP Event Helper Thread" daemon [_thread_blocked, id=6776, stack(0x000000000a2e0000,0x000000000a3e0000)]
=>0x0000000008047800 JavaThread "JDWP Transport Listener: dt_socket" daemon [_thread_in_vm, id=8612, stack(0x0000000009f80000,0x000000000a080000)]
  0x0000000008041000 JavaThread "Attach Listener" daemon [_thread_blocked, id=4800, stack(0x0000000009670000,0x0000000009770000)]
  0x000000000803a000 JavaThread "Signal Dispatcher" daemon [_thread_blocked, id=8728, stack(0x00000000093f0000,0x00000000094f0000)]
  0x0000000007fe5000 JavaThread "Finalizer" daemon [_thread_blocked, id=2924, stack(0x0000000009520000,0x0000000009620000)]
  0x0000000007fdd800 JavaThread "Reference Handler" daemon [_thread_blocked, id=7752, stack(0x00000000092b0000,0x00000000093b0000)]
  0x0000000001c8f000 JavaThread "main" [_thread_in_native, id=6976, stack(0x0000000002160000,0x0000000002260000)]

Other Threads:
  0x0000000007fd7000 VMThread [stack: 0x0000000009120000,0x0000000009220000] [id=5676]
  0x000000000a670800 WatcherThread [stack: 0x000000000add0000,0x000000000aed0000] [id=8984]

VM state:not at safepoint (normal execution)

VM Mutex/Monitor currently owned by a thread: None

Heap
 PSYoungGen      total 19456K, used 1013K [0x00000000eac00000, 0x00000000ec180000, 0x0000000100000000)
  eden space 16896K, 6% used [0x00000000eac00000,0x00000000eacfd798,0x00000000ebc80000)
  from space 2560K, 0% used [0x00000000ebf00000,0x00000000ebf00000,0x00000000ec180000)
  to   space 2560K, 0% used [0x00000000ebc80000,0x00000000ebc80000,0x00000000ebf00000)
 ParOldGen       total 43520K, used 0K [0x00000000c0400000, 0x00000000c2e80000, 0x00000000eac00000)
  object space 43520K, 0% used [0x00000000c0400000,0x00000000c0400000,0x00000000c2e80000)
 PSPermGen       total 21504K, used 2990K [0x00000000bb200000, 0x00000000bc700000, 0x00000000c0400000)
  object space 21504K, 13% used [0x00000000bb200000,0x00000000bb4ebaf0,0x00000000bc700000)

Card table byte_map: [0x0000000005260000,0x0000000005490000] byte_map_base: 0x0000000004c87000

Polling page: 0x0000000000200000

Code Cache  [0x0000000002260000, 0x00000000024d0000, 0x0000000005260000)
 total_blobs=166 nmethods=0 adapters=142 free_code_cache=48772Kb largest_free_block=49942592

Compilation events (0 events):
No events

GC Heap History (0 events):
No events

Deoptimization events (0 events):
No events

Internal exceptions (6 events):
Event: 0.031 Thread 0x0000000001c8f000 Threw 0x00000000eac0b608 at C:\re\jdk7u51\527\hotspot\src\share\vm\prims\jni.cpp:3991
Event: 0.112 Thread 0x0000000001c8f000 Threw 0x00000000eac4d058 at C:\re\jdk7u51\527\hotspot\src\share\vm\prims\jvm.cpp:1244
Event: 0.126 Thread 0x0000000001c8f000 Threw 0x00000000eacc2090 at C:\re\jdk7u51\527\hotspot\src\share\vm\prims\jvm.cpp:1244
Event: 0.126 Thread 0x0000000001c8f000 Threw 0x00000000eacc21b8 at C:\re\jdk7u51\527\hotspot\src\share\vm\prims\jvm.cpp:1244
Event: 0.127 Thread 0x0000000001c8f000 Threw 0x00000000eacc56f0 at C:\re\jdk7u51\527\hotspot\src\share\vm\prims\jvm.cpp:1244
Event: 0.127 Thread 0x0000000001c8f000 Threw 0x00000000eacc5818 at C:\re\jdk7u51\527\hotspot\src\share\vm\prims\jvm.cpp:1244

Events (10 events):
Event: 6.640 loading class 0x0000000001e76af0
Event: 6.640 loading class 0x0000000001e76af0 done
Event: 6.640 loading class 0x0000000001e76620
Event: 6.640 loading class 0x0000000001e76620 done
Event: 6.640 loading class 0x0000000001e76ac0
Event: 6.641 loading class 0x0000000001e76ac0 done
Event: 1001.704 Executing VM operation: RedefineClasses
Event: 1001.704 Executing VM operation: RedefineClasses done
Event: 1667.333 Executing VM operation: RedefineClasses
Event: 1667.333 Executing VM operation: RedefineClasses done


Dynamic libraries:
0x000000013f430000 - 0x000000013f463000 	C:\Program Files\Java\jre7\bin\javaw.exe
0x0000000077710000 - 0x00000000778b9000 	C:\Windows\SYSTEM32\ntdll.dll
0x00000000775f0000 - 0x000000007770f000 	C:\Windows\system32\kernel32.dll
0x000007fefd590000 - 0x000007fefd5fc000 	C:\Windows\system32\KERNELBASE.dll
0x000007feff020000 - 0x000007feff0fb000 	C:\Windows\system32\ADVAPI32.dll
0x000007fefeac0000 - 0x000007fefeb5f000 	C:\Windows\system32\msvcrt.dll
0x000007fefeb70000 - 0x000007fefeb8f000 	C:\Windows\SYSTEM32\sechost.dll
0x000007feff7b0000 - 0x000007feff8dd000 	C:\Windows\system32\RPCRT4.dll
0x00000000774f0000 - 0x00000000775ea000 	C:\Windows\system32\USER32.dll
0x000007feff530000 - 0x000007feff597000 	C:\Windows\system32\GDI32.dll
0x000007fefeb60000 - 0x000007fefeb6e000 	C:\Windows\system32\LPK.dll
0x000007feff950000 - 0x000007feffa19000 	C:\Windows\system32\USP10.dll
0x000007fefbe30000 - 0x000007fefc024000 	C:\Windows\WinSxS\amd64_microsoft.windows.common-controls_6595b64144ccf1df_6.0.7601.17514_none_fa396087175ac9ac\COMCTL32.dll
0x000007feff240000 - 0x000007feff2b1000 	C:\Windows\system32\SHLWAPI.dll
0x000007feff210000 - 0x000007feff23e000 	C:\Windows\system32\IMM32.DLL
0x000007feff100000 - 0x000007feff209000 	C:\Windows\system32\MSCTF.dll
0x000000006a9b0000 - 0x000000006aa82000 	C:\Program Files\Java\jre7\bin\msvcr100.dll
0x0000000061390000 - 0x0000000061b59000 	C:\Program Files\Java\jre7\bin\server\jvm.dll
0x000007fef27e0000 - 0x000007fef27e9000 	C:\Windows\system32\WSOCK32.dll
0x000007feff8e0000 - 0x000007feff92d000 	C:\Windows\system32\WS2_32.dll
0x000007feff6c0000 - 0x000007feff6c8000 	C:\Windows\system32\NSI.dll
0x000007fefb2b0000 - 0x000007fefb2eb000 	C:\Windows\system32\WINMM.dll
0x00000000778e0000 - 0x00000000778e7000 	C:\Windows\system32\PSAPI.DLL
0x0000000071000000 - 0x000000007100f000 	C:\Program Files\Java\jre7\bin\verify.dll
0x0000000070d40000 - 0x0000000070d68000 	C:\Program Files\Java\jre7\bin\java.dll
0x000000006ab10000 - 0x000000006ab45000 	C:\Program Files\Java\jre7\bin\jdwp.dll
0x000000006aab0000 - 0x000000006aab8000 	C:\Program Files\Java\jre7\bin\npt.dll
0x0000000070fe0000 - 0x0000000070ff5000 	C:\Program Files\Java\jre7\bin\zip.dll
0x000000006aaa0000 - 0x000000006aaa9000 	C:\Program Files\Java\jre7\bin\dt_socket.dll
0x000007fefaff0000 - 0x000007fefb005000 	C:\Windows\system32\NLAapi.dll
0x000007fef9d00000 - 0x000007fef9d15000 	C:\Windows\system32\napinsp.dll
0x000007fef2af0000 - 0x000007fef2b09000 	C:\Windows\system32\pnrpnsp.dll
0x000007fefcce0000 - 0x000007fefcd35000 	C:\Windows\System32\mswsock.dll
0x000007fefcb60000 - 0x000007fefcbbb000 	C:\Windows\system32\DNSAPI.dll
0x000007fef2aa0000 - 0x000007fef2aab000 	C:\Windows\System32\winrnr.dll
0x000007fef2a90000 - 0x000007fef2aa0000 	C:\Windows\system32\wshbth.dll
0x000007fef8e30000 - 0x000007fef8e5f000 	C:\Program Files\Common Files\Microsoft Shared\Windows Live\WLIDNSP.DLL
0x0000000073b20000 - 0x0000000073b46000 	C:\Program Files\Bonjour\mdnsNSP.dll
0x000007fefacc0000 - 0x000007feface7000 	C:\Windows\system32\Iphlpapi.DLL
0x000007fefacb0000 - 0x000007fefacbb000 	C:\Windows\system32\WINNSI.DLL
0x000007fefac40000 - 0x000007fefac93000 	C:\Windows\System32\fwpuclnt.dll
0x000007fef8e20000 - 0x000007fef8e28000 	C:\Windows\system32\rasadhlp.dll
0x000007fefc660000 - 0x000007fefc667000 	C:\Windows\System32\wshtcpip.dll
0x000007fef4f80000 - 0x000007fef50a5000 	C:\Windows\system32\dbghelp.dll

VM Arguments:
jvm_args: -agentlib:jdwp=transport=dt_socket,suspend=y,address=localhost:1745 -Dfile.encoding=Cp1252 
java_command: DZYLovesChessboard
Launcher Type: SUN_STANDARD

Environment Variables:
PATH=C:\Program Files (x86)\NVIDIA Corporation\PhysX\Common;C:\Program Files\Common Files\Microsoft Shared\Windows Live;C:\Program Files (x86)\Common Files\Microsoft Shared\Windows Live;C:\Windows\system32;C:\Windows;C:\Windows\System32\Wbem;C:\Program Files (x86)\Sony\VAIO Startup Setting Tool;C:\Program Files (x86)\Windows Live\Shared;C:\Windows\System32\WindowsPowerShell\v1.0\;C:\Windows\System32\WindowsPowerShell\v1.0\;C:\Program Files\Microsoft SQL Server\110\Tools\Binn\;C:\Program Files (x86)\QuickTime\QTSystem\;C:\Program Files (x86)\Microsoft SQL Server\100\Tools\Binn\;C:\Program Files\Microsoft SQL Server\100\Tools\Binn\;C:\Program Files\Microsoft SQL Server\100\DTS\Binn\;C:\Program Files (x86)\Microsoft SQL Server\100\Tools\Binn\VSShell\Common7\IDE\;C:\Program Files (x86)\Microsoft SQL Server\100\DTS\Binn\;C:\Program Files (x86)\Microsoft Visual Studio 9.0\Common7\IDE\PrivateAssemblies\;C:\Program Files\TortoiseGit\bin
USERNAME=LuuNhatPhi
OS=Windows_NT
PROCESSOR_IDENTIFIER=Intel64 Family 6 Model 42 Stepping 7, GenuineIntel



---------------  S Y S T E M  ---------------

OS: Windows 7 , 64 bit Build 7601 Service Pack 1

CPU:total 4 (2 cores per cpu, 2 threads per core) family 6 model 42 stepping 7, cmov, cx8, fxsr, mmx, sse, sse2, sse3, ssse3, sse4.1, sse4.2, popcnt, avx, aes, ht, tsc, tscinvbit

Memory: 4k page, physical 4175728k(1144588k free), swap 8349592k(4229320k free)

vm_info: Java HotSpot(TM) 64-Bit Server VM (24.51-b03) for windows-amd64 JRE (1.7.0_51-b13), built on Dec 18 2013 18:40:56 by "java_re" with unknown MS VC++:1600

time: Thu Jul 10 10:50:07 2014
elapsed time: 1731 seconds

